0 info it worked if it ends with ok
1 verbose cli [ 'C:\\Program Files\\nodejs\\node.exe',
1 verbose cli   'C:\\Program Files\\nodejs\\node_modules\\npm\\bin\\npm-cli.js',
1 verbose cli   'run',
1 verbose cli   'js-watch' ]
2 info using npm@3.10.9
3 info using node@v6.9.2
4 verbose run-script [ 'prejs-watch', 'js-watch', 'postjs-watch' ]
5 info lifecycle snake-jam@1.0.0~prejs-watch: snake-jam@1.0.0
6 silly lifecycle snake-jam@1.0.0~prejs-watch: no script for prejs-watch, continuing
7 info lifecycle snake-jam@1.0.0~js-watch: snake-jam@1.0.0
8 verbose lifecycle snake-jam@1.0.0~js-watch: unsafe-perm in lifecycle true
9 verbose lifecycle snake-jam@1.0.0~js-watch: PATH: C:\Program Files\nodejs\node_modules\npm\bin\node-gyp-bin;C:\projects\snake-jam\node_modules\.bin;C:\Users\okay\bin;C:\Program Files\Git\mingw64\bin;C:\Program Files\Git\usr\local\bin;C:\Program Files\Git\usr\bin;C:\Program Files\Git\usr\bin;C:\Program Files\Git\mingw64\bin;C:\Program Files\Git\usr\bin;C:\Users\okay\bin;C:\Program Files (x86)\Intel\iCLS Client;C:\Program Files\Intel\iCLS Client;C:\Windows\system32;C:\Windows;C:\Windows\System32\Wbem;C:\Windows\System32\WindowsPowerShell\v1.0;C:\Program Files\nodejs;C:\Windows\system32\config\systemprofile\.dnx\bin;C:\Program Files\Microsoft DNX\Dnvm;C:\Program Files\Microsoft SQL Server\130\Tools\Binn;C:\Program Files (x86)\Microsoft SQL Server\Client SDK\ODBC\130\Tools\Binn;C:\Program Files (x86)\Microsoft SQL Server\130\Tools\Binn;C:\Program Files (x86)\Microsoft SQL Server\130\DTS\Binn;C:\Program Files (x86)\Microsoft SQL Server\130\Tools\Binn\ManagementStudio;C:\Program Files\Microsoft SQL Server\Client SDK\ODBC\110\Tools\Binn;C:\Program Files (x86)\Microsoft SQL Server\120\Tools\Binn;C:\Program Files\Microsoft SQL Server\120\Tools\Binn;C:\Program Files\Microsoft SQL Server\120\DTS\Binn;C:\Program Files\Microsoft\Web Platform Installer;C:\Program Files (x86)\Skype\Phone;C:\Program Files (x86)\Intel\Intel(R) Management Engine Components\DAL;C:\Program Files\Intel\Intel(R) Management Engine Components\DAL;C:\Program Files (x86)\Intel\Intel(R) Management Engine Components\IPT;C:\Program Files\Intel\Intel(R) Management Engine Components\IPT;C:\Users\okay\AppData\Local\Microsoft\WindowsApps;C:\Users\okay\AppData\Roaming\npm;C:\Program Files\Git\usr\bin\vendor_perl;C:\Program Files\Git\usr\bin\core_perl
10 verbose lifecycle snake-jam@1.0.0~js-watch: CWD: C:\projects\snake-jam
11 silly lifecycle snake-jam@1.0.0~js-watch: Args: [ '/d /s /c',
11 silly lifecycle   'nodemon --watch js/src/ --exec "npm run transpile && npm run concat && npm run compress"' ]
12 silly lifecycle snake-jam@1.0.0~js-watch: Returned: code: 1073807364  signal: null
13 info lifecycle snake-jam@1.0.0~js-watch: Failed to exec js-watch script
14 verbose stack Error: snake-jam@1.0.0 js-watch: `nodemon --watch js/src/ --exec "npm run transpile && npm run concat && npm run compress"`
14 verbose stack Exit status 1073807364
14 verbose stack     at EventEmitter.<anonymous> (C:\Program Files\nodejs\node_modules\npm\lib\utils\lifecycle.js:255:16)
14 verbose stack     at emitTwo (events.js:106:13)
14 verbose stack     at EventEmitter.emit (events.js:191:7)
14 verbose stack     at ChildProcess.<anonymous> (C:\Program Files\nodejs\node_modules\npm\lib\utils\spawn.js:40:14)
14 verbose stack     at emitTwo (events.js:106:13)
14 verbose stack     at ChildProcess.emit (events.js:191:7)
14 verbose stack     at maybeClose (internal/child_process.js:877:16)
14 verbose stack     at Process.ChildProcess._handle.onexit (internal/child_process.js:226:5)
15 verbose pkgid snake-jam@1.0.0
16 verbose cwd C:\projects\snake-jam
17 error Windows_NT 10.0.14393
18 error argv "C:\\Program Files\\nodejs\\node.exe" "C:\\Program Files\\nodejs\\node_modules\\npm\\bin\\npm-cli.js" "run" "js-watch"
19 error node v6.9.2
20 error npm  v3.10.9
21 error code ELIFECYCLE
22 error snake-jam@1.0.0 js-watch: `nodemon --watch js/src/ --exec "npm run transpile && npm run concat && npm run compress"`
22 error Exit status 1073807364
23 error Failed at the snake-jam@1.0.0 js-watch script 'nodemon --watch js/src/ --exec "npm run transpile && npm run concat && npm run compress"'.
23 error Make sure you have the latest version of node.js and npm installed.
23 error If you do, this is most likely a problem with the snake-jam package,
23 error not with npm itself.
23 error Tell the author that this fails on your system:
23 error     nodemon --watch js/src/ --exec "npm run transpile && npm run concat && npm run compress"
23 error You can get information on how to open an issue for this project with:
23 error     npm bugs snake-jam
23 error Or if that isn't available, you can get their info via:
23 error     npm owner ls snake-jam
23 error There is likely additional logging output above.
24 verbose exit [ 1, true ]
